<?xml version="1.0" encoding="UTF-8"?>
<!-- Generated by org.testng.reporters.JUnitReportReporter -->
<testsuite hostname="DESKTOP-UB7KQ0Q" failures="0" tests="1" name="com.cbla.qa.tests.AdminLogin" time="19.601" errors="0" timestamp="2025-04-25T16:13:59 IST" skipped="0">
  <testcase classname="com.cbla.qa.tests.AdminLogin" name="loginWithCorrectEmailAndPassword" time="19.601"/>
</testsuite> <!-- com.cbla.qa.tests.AdminLogin -->
