<?xml version="1.0" encoding="UTF-8"?>
<!-- Generated by org.testng.reporters.JUnitReportReporter -->
<testsuite hostname="DESKTOP-UB7KQ0Q" failures="0" tests="1" name="com.cbla.qa.tests.AdminLoginWithPagefactory" time="58.454" errors="0" timestamp="2025-04-25T12:33:37 IST" skipped="0">
  <testcase classname="com.cbla.qa.tests.AdminLoginWithPagefactory" name="loginAndclickOnModules" time="58.454"/>
</testsuite> <!-- com.cbla.qa.tests.AdminLoginWithPagefactory -->
