<?xml version="1.0" encoding="UTF-8"?>
<!-- Generated by org.testng.reporters.JUnitReportReporter -->
<testsuite hostname="DESKTOP-N3VL78S" failures="0" tests="1" name="testcases.BaseTest" time="0.909" errors="0" timestamp="2025-02-26T00:08:35 IST" skipped="0">
  <testcase classname="testcases.BaseTest" name="loggedin" time="0.909"/>
</testsuite> <!-- testcases.BaseTest -->
